<?xml version="1.0" encoding="UTF-8"?>
<!-- Generated by org.testng.reporters.JUnitReportReporter -->
<testsuite name="base.BasePage" tests="1" time="9.718" ignored="0" failures="0" timestamp="29 May 2017 10:03:36 GMT" skipped="0" hostname="DESKTOP-BKJ53SI" errors="0">
  <testcase name="openBrowser" time="9.718" classname="base.BasePage"/>
</testsuite> <!-- base.BasePage -->
