<?xml version="1.0" encoding="UTF-8"?>
<!-- Generated by org.testng.reporters.JUnitReportReporter -->
<testsuite name="Xoxoday.AppTest" tests="1" time="7.586" ignored="0" failures="0" timestamp="29 May 2017 09:46:33 GMT" skipped="0" hostname="DESKTOP-BKJ53SI" errors="0">
  <testcase name="demo" time="7.586" classname="Xoxoday.AppTest"/>
</testsuite> <!-- Xoxoday.AppTest -->
